<?xml version="1.0" encoding="UTF-8"?>
<!-- Generated by org.testng.reporters.JUnitReportReporter -->
<testsuite skipped="0" hostname="Kirti3146839" name="Practice.Appium.APIDemo" tests="5" failures="0" timestamp="28 Aug 2020 07:11:11 GMT" time="72.843" errors="0">
  <testcase name="Firstflow" time="15.541" classname="Practice.Appium.APIDemo"/>
  <testcase name="Secondflow" time="13.115" classname="Practice.Appium.APIDemo"/>
  <testcase name="Thirdflow" time="11.557" classname="Practice.Appium.APIDemo"/>
  <testcase name="Fourthflow" time="13.217" classname="Practice.Appium.APIDemo"/>
  <testcase name="Fifthflow" time="19.413" classname="Practice.Appium.APIDemo"/>
</testsuite> <!-- Practice.Appium.APIDemo -->
