<?xml version="1.0" encoding="UTF-8"?>
<!-- Generated by org.testng.reporters.JUnitReportReporter -->
<testsuite skipped="0" hostname="Kirti3146839" name="Practice.Appium.APIDemo" tests="1" failures="0" timestamp="27 Aug 2020 10:33:54 GMT" time="19.157" errors="0">
  <testcase name="Firstflow" time="19.157" classname="Practice.Appium.APIDemo"/>
</testsuite> <!-- Practice.Appium.APIDemo -->
