<?xml version="1.0" encoding="UTF-8"?>
<!-- Generated by org.testng.reporters.JUnitReportReporter -->
<testsuite skipped="0" hostname="Kirti3146839" name="Practice.Appium.APIDemo" tests="1" failures="0" timestamp="28 Aug 2020 03:45:26 GMT" time="17.370" errors="0">
  <testcase name="Firstflow" time="17.370" classname="Practice.Appium.APIDemo"/>
</testsuite> <!-- Practice.Appium.APIDemo -->
